<?xml version="1.0" encoding="UTF-8"?>
<testng-results ignored="0" total="0" passed="0" failed="0" skipped="0">
  <reporter-output>
  </reporter-output>
  <suite started-at="2024-07-29T22:05:43 PDT" name="org.example.AppTest" finished-at="2024-07-29T22:05:43 PDT" duration-ms="38">
    <groups>
    </groups>
    <test started-at="2024-07-29T22:05:43 PDT" name="Command line test" finished-at="2024-07-29T22:05:43 PDT" duration-ms="38">
    </test> <!-- Command line test -->
  </suite> <!-- org.example.AppTest -->
</testng-results>
